IndoNews/app/build/intermediates/manifest_merge_blame_file/debug/manifest-merger-blame-debug-report.txt
1<?xml version="1.0" encoding="utf-8"?>
2<manifest xmlns:android="http://schemas.android.com/apk/res/android"
3    package="com.jordi.appnews"
4    android:versionCode="1"
5    android:versionName="1.0" >
6
7    <uses-sdk
8        android:minSdkVersion="21"
8-->src\main\AndroidManifest.xml
9        android:targetSdkVersion="29" />
9-->src\main\AndroidManifest.xml
10
11    <uses-permission android:name="android.permission.ACCESS_NETWORK_STATE" />
11-->src\main\AndroidManifest.xml:6:5-79
11-->src\main\AndroidManifest.xml:6:22-76
12    <uses-permission android:name="android.permission.INTERNET" />
12-->src\main\AndroidManifest.xml:7:5-67
12-->src\main\AndroidManifest.xml:7:22-64
13
14    <application
14-->src\main\AndroidManifest.xml:9:5-46:19
15        android:allowBackup="true"
15-->src\main\AndroidManifest.xml:10:9-35
16        android:appComponentFactory="androidx.core.app.CoreComponentFactory"
16-->[androidx.core:core:1.1.0] AndroidManifest.xml:24:18-86
17        android:debuggable="true"
18        android:icon="@mipmap/ic_launcher"
18-->src\main\AndroidManifest.xml:11:9-43
19        android:label="@string/app_name"
19-->src\main\AndroidManifest.xml:12:9-41
20        android:roundIcon="@mipmap/ic_launcher_round"
20-->src\main\AndroidManifest.xml:13:9-54
21        android:supportsRtl="true"
21-->src\main\AndroidManifest.xml:14:9-35
22        android:testOnly="true"
23        android:theme="@style/AppTheme"
23-->src\main\AndroidManifest.xml:15:9-40
24        android:usesCleartextTraffic="true" >
24-->src\main\AndroidManifest.xml:16:9-44
25        <activity android:name="com.jordi.appnews.activities.MainActivity" >
25-->src\main\AndroidManifest.xml:18:9-24:20
25-->src\main\AndroidManifest.xml:18:19-58
26            <intent-filter>
26-->src\main\AndroidManifest.xml:19:13-23:29
27                <action android:name="android.intent.action.MAIN" />
27-->src\main\AndroidManifest.xml:20:17-69
27-->src\main\AndroidManifest.xml:20:25-66
28
29                <category android:name="android.intent.category.LAUNCHER" />
29-->src\main\AndroidManifest.xml:22:17-77
29-->src\main\AndroidManifest.xml:22:27-74
30            </intent-filter>
31        </activity>
32        <activity
32-->src\main\AndroidManifest.xml:25:9-27:52
33            android:name="com.jordi.appnews.activities.EntertaimentActivity"
33-->src\main\AndroidManifest.xml:26:13-60
34            android:screenOrientation="portrait" />
34-->src\main\AndroidManifest.xml:27:13-49
35        <activity
35-->src\main\AndroidManifest.xml:28:9-30:52
36            android:name="com.jordi.appnews.activities.HealthActivity"
36-->src\main\AndroidManifest.xml:29:13-54
37            android:screenOrientation="portrait" />
37-->src\main\AndroidManifest.xml:30:13-49
38        <activity
38-->src\main\AndroidManifest.xml:31:9-33:52
39            android:name="com.jordi.appnews.activities.BusinessActivity"
39-->src\main\AndroidManifest.xml:32:13-56
40            android:screenOrientation="portrait" />
40-->src\main\AndroidManifest.xml:33:13-49
41        <activity
41-->src\main\AndroidManifest.xml:34:9-36:52
42            android:name="com.jordi.appnews.activities.TechnologyActivity"
42-->src\main\AndroidManifest.xml:35:13-58
43            android:screenOrientation="portrait" />
43-->src\main\AndroidManifest.xml:36:13-49
44        <activity
44-->src\main\AndroidManifest.xml:37:9-39:52
45            android:name="com.jordi.appnews.activities.HeadLineActivity"
45-->src\main\AndroidManifest.xml:38:13-56
46            android:screenOrientation="portrait" />
46-->src\main\AndroidManifest.xml:39:13-49
47        <activity
47-->src\main\AndroidManifest.xml:40:9-42:52
48            android:name="com.jordi.appnews.activities.SportsNewsActivity"
48-->src\main\AndroidManifest.xml:41:13-58
49            android:screenOrientation="portrait" />
49-->src\main\AndroidManifest.xml:42:13-49
50        <activity
50-->src\main\AndroidManifest.xml:43:9-45:52
51            android:name="com.jordi.appnews.activities.OpenNewsActivity"
51-->src\main\AndroidManifest.xml:44:13-56
52            android:screenOrientation="portrait" />
52-->src\main\AndroidManifest.xml:45:13-49
53    </application>
54
55</manifest>